==== Docker start log ==== 
Docker version 29.4.3, build 055a478
Docker Compose version v5.1.3
name: ql_su_kien
services:
  app:
    build:
      context: D:\laragon\www\ql_su_kien
      dockerfile: Dockerfile
    container_name: ql-su-kien-app
    depends_on:
      db:
        condition: service_healthy
        required: true
      redis:
        condition: service_started
        required: true
    environment:
      APP_DEBUG: "true"
      APP_ENV: local
      APP_URL: http://localhost:8080
      CACHE_DRIVER: file
      DB_CONNECTION: mysql
      DB_DATABASE: ql_su_kien
      DB_HOST: db
      DB_PASSWORD: root
      DB_PORT: "3306"
      DB_USERNAME: root
      QUEUE_CONNECTION: sync
      REDIS_HOST: redis
      REDIS_PORT: "6379"
    image: ql-su-kien:latest
    networks:
      ql-su-kien-net: null
    restart: unless-stopped
    volumes:
      - type: bind
        source: D:\laragon\www\ql_su_kien
        target: /var/www/html
        bind: {}
      - type: volume
        source: vendor
        target: /var/www/html/vendor
        volume: {}
    working_dir: /var/www/html
  db:
    container_name: ql-su-kien-db
    environment:
      MYSQL_DATABASE: ql_su_kien
      MYSQL_ROOT_PASSWORD: root
    healthcheck:
      test:
        - CMD
        - mysqladmin
        - ping
        - -h
        - localhost
        - -proot
      timeout: 20s
      retries: 10
    image: mysql:8.0
    networks:
      ql-su-kien-net: null
    ports:
      - mode: ingress
        target: 3306
        published: "3307"
        protocol: tcp
    restart: unless-stopped
    volumes:
      - type: volume
        source: dbdata
        target: /var/lib/mysql
        volume: {}
  nginx:
    container_name: ql-su-kien-nginx
    depends_on:
      app:
        condition: service_started
        required: true
    image: nginx:alpine
    networks:
      ql-su-kien-net: null
    ports:
      - mode: ingress
        target: 80
        published: "8080"
        protocol: tcp
    restart: unless-stopped
    volumes:
      - type: bind
        source: D:\laragon\www\ql_su_kien
        target: /var/www/html
        bind: {}
      - type: bind
        source: D:\laragon\www\ql_su_kien\docker\nginx\conf.d
        target: /etc/nginx/conf.d
        bind: {}
  node:
    command:
      - sh
      - -c
      - npm ci && npm run dev
    container_name: ql-su-kien-node
    image: node:18-alpine
    networks:
      ql-su-kien-net: null
    ports:
      - mode: ingress
        target: 5173
        published: "5173"
        protocol: tcp
    restart: unless-stopped
    volumes:
      - type: bind
        source: D:\laragon\www\ql_su_kien
        target: /var/www/html
        bind: {}
      - type: volume
        source: node_modules
        target: /var/www/html/node_modules
        volume: {}
    working_dir: /var/www/html
  redis:
    container_name: ql-su-kien-redis
    image: redis:7-alpine
    networks:
      ql-su-kien-net: null
    ports:
      - mode: ingress
        target: 6379
        published: "6380"
        protocol: tcp
    restart: unless-stopped
  scheduler:
    build:
      context: D:\laragon\www\ql_su_kien
      dockerfile: Dockerfile
    command:
      - php
      - artisan
      - schedule:work
    container_name: ql-su-kien-scheduler
    depends_on:
      app:
        condition: service_started
        required: true
      db:
        condition: service_healthy
        required: true
    environment:
      APP_DEBUG: "true"
      APP_ENV: local
      APP_URL: http://localhost:8080
      CACHE_DRIVER: file
      DB_CONNECTION: mysql
      DB_DATABASE: ql_su_kien
      DB_HOST: db
      DB_PASSWORD: root
      DB_PORT: "3306"
      DB_USERNAME: root
      QUEUE_CONNECTION: sync
      REDIS_HOST: redis
      REDIS_PORT: "6379"
    image: ql-su-kien:latest
    networks:
      ql-su-kien-net: null
    restart: unless-stopped
    volumes:
      - type: bind
        source: D:\laragon\www\ql_su_kien
        target: /var/www/html
        bind: {}
      - type: volume
        source: vendor
        target: /var/www/html/vendor
        volume: {}
    working_dir: /var/www/html
networks:
  ql-su-kien-net:
    name: ql_su_kien_ql-su-kien-net
    driver: bridge
volumes:
  dbdata:
    name: ql_su_kien_dbdata
  node_modules:
    name: ql_su_kien_node_modules
  vendor:
    name: ql_su_kien_vendor
x-laravel-env:
  APP_DEBUG: "true"
  APP_ENV: local
  APP_URL: http://localhost:8080
  CACHE_DRIVER: file
  DB_CONNECTION: mysql
  DB_DATABASE: ql_su_kien
  DB_HOST: db
  DB_PASSWORD: root
  DB_PORT: 3306
  DB_USERNAME: root
  QUEUE_CONNECTION: sync
  REDIS_HOST: redis
  REDIS_PORT: 6379
unable to get image 'nginx:alpine': Error response from daemon: Docker Desktop is manually paused. Unpause it through the Whale menu or Dashboard.
